This is pdfTeX, Version 3.1415926-2.5-1.40.14 (TeX Live 2013/Debian) (format=pdflatex 2016.10.17)  6 APR 2017 15:05
entering extended mode
 \write18 enabled.
 %&-line parsing enabled.
**Apendice_A.tex
(./Apendice_A.tex
LaTeX2e <2011/06/27>
Babel <3.9h> and hyphenation patterns for 78 languages loaded.
(/usr/share/texlive/texmf-dist/tex/latex/subfiles/subfiles.cls
Document Class: subfiles 2012/05/23 Federico Garcia
(/usr/share/texlive/texmf-dist/tex/latex/tools/verbatim.sty
Package: verbatim 2003/08/22 v1.5q LaTeX2e package for verbatim enhancements
\every@verbatim=\toks14
\verbatim@line=\toks15
\verbatim@in@stream=\read1
)
Preamble taken from file `user_manual.tex'
(./user_manual.tex (/usr/share/texlive/texmf-dist/tex/latex/base/book.cls
Document Class: book 2007/10/19 v1.4h Standard LaTeX document class
(/usr/share/texlive/texmf-dist/tex/latex/base/bk12.clo
File: bk12.clo 2007/10/19 v1.4h Standard LaTeX file (size option)
)
\c@part=\count79
\c@chapter=\count80
\c@section=\count81
\c@subsection=\count82
\c@subsubsection=\count83
\c@paragraph=\count84
\c@subparagraph=\count85
\c@figure=\count86
\c@table=\count87
\abovecaptionskip=\skip41
\belowcaptionskip=\skip42
\bibindent=\dimen102
)
(/usr/share/texlive/texmf-dist/tex/generic/babel/babel.sty
Package: babel 2013/12/03 3.9h The Babel package

(/usr/share/texlive/texmf-dist/tex/generic/babel-spanish/spanish.ldf
Language: spanish.ldf 2014/01/29 v5.0m Spanish support from the babel system

(/usr/share/texlive/texmf-dist/tex/generic/babel/babel.def
File: babel.def 2013/12/03 3.9h Babel common definitions
\babel@savecnt=\count88
\U@D=\dimen103
)
\es@datefmt=\count89
\es@quottoks=\toks16
\es@quotdepth=\count90
Package babel Info: Making " an active character on input line 496.
Package babel Info: Making . an active character on input line 599.
Package babel Info: Making < an active character on input line 644.
Package babel Info: Making > an active character on input line 644.
))
(/usr/share/texlive/texmf-dist/tex/latex/base/inputenc.sty
Package: inputenc 2008/03/30 v1.1d Input encoding file
\inpenc@prehook=\toks17
\inpenc@posthook=\toks18

(/usr/share/texlive/texmf-dist/tex/latex/base/utf8.def
File: utf8.def 2008/04/05 v1.1m UTF-8 support for inputenc
Now handling font encoding OML ...
... no UTF-8 mapping file for font encoding OML
Now handling font encoding T1 ...
... processing UTF-8 mapping file for font encoding T1

(/usr/share/texlive/texmf-dist/tex/latex/base/t1enc.dfu
File: t1enc.dfu 2008/04/05 v1.1m UTF-8 support for inputenc
   defining Unicode char U+00A1 (decimal 161)
   defining Unicode char U+00A3 (decimal 163)
   defining Unicode char U+00AB (decimal 171)
   defining Unicode char U+00BB (decimal 187)
   defining Unicode char U+00BF (decimal 191)
   defining Unicode char U+00C0 (decimal 192)
   defining Unicode char U+00C1 (decimal 193)
   defining Unicode char U+00C2 (decimal 194)
   defining Unicode char U+00C3 (decimal 195)
   defining Unicode char U+00C4 (decimal 196)
   defining Unicode char U+00C5 (decimal 197)
   defining Unicode char U+00C6 (decimal 198)
   defining Unicode char U+00C7 (decimal 199)
   defining Unicode char U+00C8 (decimal 200)
   defining Unicode char U+00C9 (decimal 201)
   defining Unicode char U+00CA (decimal 202)
   defining Unicode char U+00CB (decimal 203)
   defining Unicode char U+00CC (decimal 204)
   defining Unicode char U+00CD (decimal 205)
   defining Unicode char U+00CE (decimal 206)
   defining Unicode char U+00CF (decimal 207)
   defining Unicode char U+00D0 (decimal 208)
   defining Unicode char U+00D1 (decimal 209)
   defining Unicode char U+00D2 (decimal 210)
   defining Unicode char U+00D3 (decimal 211)
   defining Unicode char U+00D4 (decimal 212)
   defining Unicode char U+00D5 (decimal 213)
   defining Unicode char U+00D6 (decimal 214)
   defining Unicode char U+00D8 (decimal 216)
   defining Unicode char U+00D9 (decimal 217)
   defining Unicode char U+00DA (decimal 218)
   defining Unicode char U+00DB (decimal 219)
   defining Unicode char U+00DC (decimal 220)
   defining Unicode char U+00DD (decimal 221)
   defining Unicode char U+00DE (decimal 222)
   defining Unicode char U+00DF (decimal 223)
   defining Unicode char U+00E0 (decimal 224)
   defining Unicode char U+00E1 (decimal 225)
   defining Unicode char U+00E2 (decimal 226)
   defining Unicode char U+00E3 (decimal 227)
   defining Unicode char U+00E4 (decimal 228)
   defining Unicode char U+00E5 (decimal 229)
   defining Unicode char U+00E6 (decimal 230)
   defining Unicode char U+00E7 (decimal 231)
   defining Unicode char U+00E8 (decimal 232)
   defining Unicode char U+00E9 (decimal 233)
   defining Unicode char U+00EA (decimal 234)
   defining Unicode char U+00EB (decimal 235)
   defining Unicode char U+00EC (decimal 236)
   defining Unicode char U+00ED (decimal 237)
   defining Unicode char U+00EE (decimal 238)
   defining Unicode char U+00EF (decimal 239)
   defining Unicode char U+00F0 (decimal 240)
   defining Unicode char U+00F1 (decimal 241)
   defining Unicode char U+00F2 (decimal 242)
   defining Unicode char U+00F3 (decimal 243)
   defining Unicode char U+00F4 (decimal 244)
   defining Unicode char U+00F5 (decimal 245)
   defining Unicode char U+00F6 (decimal 246)
   defining Unicode char U+00F8 (decimal 248)
   defining Unicode char U+00F9 (decimal 249)
   defining Unicode char U+00FA (decimal 250)
   defining Unicode char U+00FB (decimal 251)
   defining Unicode char U+00FC (decimal 252)
   defining Unicode char U+00FD (decimal 253)
   defining Unicode char U+00FE (decimal 254)
   defining Unicode char U+00FF (decimal 255)
   defining Unicode char U+0102 (decimal 258)
   defining Unicode char U+0103 (decimal 259)
   defining Unicode char U+0104 (decimal 260)
   defining Unicode char U+0105 (decimal 261)
   defining Unicode char U+0106 (decimal 262)
   defining Unicode char U+0107 (decimal 263)
   defining Unicode char U+010C (decimal 268)
   defining Unicode char U+010D (decimal 269)
   defining Unicode char U+010E (decimal 270)
   defining Unicode char U+010F (decimal 271)
   defining Unicode char U+0110 (decimal 272)
   defining Unicode char U+0111 (decimal 273)
   defining Unicode char U+0118 (decimal 280)
   defining Unicode char U+0119 (decimal 281)
   defining Unicode char U+011A (decimal 282)
   defining Unicode char U+011B (decimal 283)
   defining Unicode char U+011E (decimal 286)
   defining Unicode char U+011F (decimal 287)
   defining Unicode char U+0130 (decimal 304)
   defining Unicode char U+0131 (decimal 305)
   defining Unicode char U+0132 (decimal 306)
   defining Unicode char U+0133 (decimal 307)
   defining Unicode char U+0139 (decimal 313)
   defining Unicode char U+013A (decimal 314)
   defining Unicode char U+013D (decimal 317)
   defining Unicode char U+013E (decimal 318)
   defining Unicode char U+0141 (decimal 321)
   defining Unicode char U+0142 (decimal 322)
   defining Unicode char U+0143 (decimal 323)
   defining Unicode char U+0144 (decimal 324)
   defining Unicode char U+0147 (decimal 327)
   defining Unicode char U+0148 (decimal 328)
   defining Unicode char U+014A (decimal 330)
   defining Unicode char U+014B (decimal 331)
   defining Unicode char U+0150 (decimal 336)
   defining Unicode char U+0151 (decimal 337)
   defining Unicode char U+0152 (decimal 338)
   defining Unicode char U+0153 (decimal 339)
   defining Unicode char U+0154 (decimal 340)
   defining Unicode char U+0155 (decimal 341)
   defining Unicode char U+0158 (decimal 344)
   defining Unicode char U+0159 (decimal 345)
   defining Unicode char U+015A (decimal 346)
   defining Unicode char U+015B (decimal 347)
   defining Unicode char U+015E (decimal 350)
   defining Unicode char U+015F (decimal 351)
   defining Unicode char U+0160 (decimal 352)
   defining Unicode char U+0161 (decimal 353)
   defining Unicode char U+0162 (decimal 354)
   defining Unicode char U+0163 (decimal 355)
   defining Unicode char U+0164 (decimal 356)
   defining Unicode char U+0165 (decimal 357)
   defining Unicode char U+016E (decimal 366)
   defining Unicode char U+016F (decimal 367)
   defining Unicode char U+0170 (decimal 368)
   defining Unicode char U+0171 (decimal 369)
   defining Unicode char U+0178 (decimal 376)
   defining Unicode char U+0179 (decimal 377)
   defining Unicode char U+017A (decimal 378)
   defining Unicode char U+017B (decimal 379)
   defining Unicode char U+017C (decimal 380)
   defining Unicode char U+017D (decimal 381)
   defining Unicode char U+017E (decimal 382)
   defining Unicode char U+200C (decimal 8204)
   defining Unicode char U+2013 (decimal 8211)
   defining Unicode char U+2014 (decimal 8212)
   defining Unicode char U+2018 (decimal 8216)
   defining Unicode char U+2019 (decimal 8217)
   defining Unicode char U+201A (decimal 8218)
   defining Unicode char U+201C (decimal 8220)
   defining Unicode char U+201D (decimal 8221)
   defining Unicode char U+201E (decimal 8222)
   defining Unicode char U+2030 (decimal 8240)
   defining Unicode char U+2031 (decimal 8241)
   defining Unicode char U+2039 (decimal 8249)
   defining Unicode char U+203A (decimal 8250)
   defining Unicode char U+2423 (decimal 9251)
)
Now handling font encoding OT1 ...
... processing UTF-8 mapping file for font encoding OT1

(/usr/share/texlive/texmf-dist/tex/latex/base/ot1enc.dfu
File: ot1enc.dfu 2008/04/05 v1.1m UTF-8 support for inputenc
   defining Unicode char U+00A1 (decimal 161)
   defining Unicode char U+00A3 (decimal 163)
   defining Unicode char U+00B8 (decimal 184)
   defining Unicode char U+00BF (decimal 191)
   defining Unicode char U+00C5 (decimal 197)
   defining Unicode char U+00C6 (decimal 198)
   defining Unicode char U+00D8 (decimal 216)
   defining Unicode char U+00DF (decimal 223)
   defining Unicode char U+00E6 (decimal 230)
   defining Unicode char U+00EC (decimal 236)
   defining Unicode char U+00ED (decimal 237)
   defining Unicode char U+00EE (decimal 238)
   defining Unicode char U+00EF (decimal 239)
   defining Unicode char U+00F8 (decimal 248)
   defining Unicode char U+0131 (decimal 305)
   defining Unicode char U+0141 (decimal 321)
   defining Unicode char U+0142 (decimal 322)
   defining Unicode char U+0152 (decimal 338)
   defining Unicode char U+0153 (decimal 339)
   defining Unicode char U+2013 (decimal 8211)
   defining Unicode char U+2014 (decimal 8212)
   defining Unicode char U+2018 (decimal 8216)
   defining Unicode char U+2019 (decimal 8217)
   defining Unicode char U+201C (decimal 8220)
   defining Unicode char U+201D (decimal 8221)
)
Now handling font encoding OMS ...
... processing UTF-8 mapping file for font encoding OMS

(/usr/share/texlive/texmf-dist/tex/latex/base/omsenc.dfu
File: omsenc.dfu 2008/04/05 v1.1m UTF-8 support for inputenc
   defining Unicode char U+00A7 (decimal 167)
   defining Unicode char U+00B6 (decimal 182)
   defining Unicode char U+00B7 (decimal 183)
   defining Unicode char U+2020 (decimal 8224)
   defining Unicode char U+2021 (decimal 8225)
   defining Unicode char U+2022 (decimal 8226)
)
Now handling font encoding OMX ...
... no UTF-8 mapping file for font encoding OMX
Now handling font encoding U ...
... no UTF-8 mapping file for font encoding U
   defining Unicode char U+00A9 (decimal 169)
   defining Unicode char U+00AA (decimal 170)
   defining Unicode char U+00AE (decimal 174)
   defining Unicode char U+00BA (decimal 186)
   defining Unicode char U+02C6 (decimal 710)
   defining Unicode char U+02DC (decimal 732)
   defining Unicode char U+200C (decimal 8204)
   defining Unicode char U+2026 (decimal 8230)
   defining Unicode char U+2122 (decimal 8482)
   defining Unicode char U+2423 (decimal 9251)
))
(/usr/share/texlive/texmf-dist/tex/latex/natbib/natbib.sty
Package: natbib 2010/09/13 8.31b (PWD, AO)
\bibhang=\skip43
\bibsep=\skip44
LaTeX Info: Redefining \cite on input line 694.
\c@NAT@ctr=\count91
)
(/usr/share/texlive/texmf-dist/tex/latex/graphics/graphicx.sty
Package: graphicx 1999/02/16 v1.0f Enhanced LaTeX Graphics (DPC,SPQR)

(/usr/share/texlive/texmf-dist/tex/latex/graphics/keyval.sty
Package: keyval 1999/03/16 v1.13 key=value parser (DPC)
\KV@toks@=\toks19
)
(/usr/share/texlive/texmf-dist/tex/latex/graphics/graphics.sty
Package: graphics 2009/02/05 v1.0o Standard LaTeX Graphics (DPC,SPQR)

(/usr/share/texlive/texmf-dist/tex/latex/graphics/trig.sty
Package: trig 1999/03/16 v1.09 sin cos tan (DPC)
)
(/usr/share/texlive/texmf-dist/tex/latex/latexconfig/graphics.cfg
File: graphics.cfg 2010/04/23 v1.9 graphics configuration of TeX Live
)
Package graphics Info: Driver file: pdftex.def on input line 91.

(/usr/share/texlive/texmf-dist/tex/latex/pdftex-def/pdftex.def
File: pdftex.def 2011/05/27 v0.06d Graphics/color for pdfTeX

(/usr/share/texlive/texmf-dist/tex/generic/oberdiek/infwarerr.sty
Package: infwarerr 2010/04/08 v1.3 Providing info/warning/error messages (HO)
)
(/usr/share/texlive/texmf-dist/tex/generic/oberdiek/ltxcmds.sty
Package: ltxcmds 2011/11/09 v1.22 LaTeX kernel commands for general use (HO)
)
\Gread@gobject=\count92
))
\Gin@req@height=\dimen104
\Gin@req@width=\dimen105
)
(/usr/share/texlive/texmf-dist/tex/latex/multirow/multirow.sty
\bigstrutjot=\dimen106
)
(/usr/share/texlive/texmf-dist/tex/latex/subfigure/subfigure.sty
Package: subfigure 2002/03/15 v2.1.5 subfigure package
\subfigtopskip=\skip45
\subfigcapskip=\skip46
\subfigcaptopadj=\dimen107
\subfigbottomskip=\skip47
\subfigcapmargin=\dimen108
\subfiglabelskip=\skip48
\c@subfigure=\count93
\c@lofdepth=\count94
\c@subtable=\count95
\c@lotdepth=\count96

****************************************
* Local config file subfigure.cfg used *
****************************************
(/usr/share/texlive/texmf-dist/tex/latex/subfigure/subfigure.cfg)
\subfig@top=\skip49
\subfig@bottom=\skip50
)
(/usr/share/texlive/texmf-dist/tex/latex/capt-of/capt-of.sty
Package: capt-of 2009/12/29 v0.2 standard captions outside of floats
)
(/usr/share/texlive/texmf-dist/tex/latex/tools/array.sty
Package: array 2008/09/09 v2.4c Tabular extension package (FMi)
\col@sep=\dimen109
\extrarowheight=\dimen110
\NC@list=\toks20
\extratabsurround=\skip51
\backup@length=\skip52
)
(/usr/share/texlive/texmf-dist/tex/latex/float/float.sty
Package: float 2001/11/08 v1.3d Float enhancements (AL)
\c@float@type=\count97
\float@exts=\toks21
\float@box=\box26
\@float@everytoks=\toks22
\@floatcapt=\box27
)
(/usr/share/texlive/texmf-dist/tex/latex/vmargin/vmargin.sty
Package: vmargin 2004/07/15 V2.5 set document margins (VK)

Package: vmargin 2004/07/15 V2.5 set document margins (VK)
\PaperWidth=\dimen111
\PaperHeight=\dimen112
) (/usr/share/texlive/texmf-dist/tex/latex/etoolbox/etoolbox.sty
Package: etoolbox 2011/01/03 v2.1 e-TeX tools for LaTeX

(/usr/share/texlive/texmf-dist/tex/latex/etex-pkg/etex.sty
Package: etex 1998/03/26 v2.0 eTeX basic definition package (PEB)
\et@xins=\count98
)
\etb@tempcnta=\count99
)
(/usr/share/texlive/texmf-dist/tex/latex/fncychap/fncychap.sty
Package: fncychap 2007/07/30 v1.34 LaTeX package (Revised chapters)
\RW=\skip53
\mylen=\skip54
\myhi=\skip55
\px=\skip56
\py=\skip57
\pyy=\skip58
\pxx=\skip59
)
(/usr/share/texlive/texmf-dist/tex/latex/archaic/hieroglf.sty
Package: hieroglf 2000/09/23 v1.2 package for poor mans hieroglyphs

(/usr/share/texlive/texmf-dist/tex/latex/archaic/oands.sty
Package: oands 2000/08/19 v1.0 package for OandS fonts
)
\c@rthm=\skip60
\c@rtbox=\box28
\c@rtht=\dimen113
)
(/usr/share/texlive/texmf-dist/tex/latex/pdfpages/pdfpages.sty
Package: pdfpages 2013/08/25 v0.4v Insert pages of external PDF documents (AM)

(/usr/share/texlive/texmf-dist/tex/latex/base/ifthen.sty
Package: ifthen 2001/05/26 v1.1c Standard LaTeX ifthen package (DPC)
)
(/usr/share/texlive/texmf-dist/tex/latex/tools/calc.sty
Package: calc 2007/08/22 v4.3 Infix arithmetic (KKT,FJ)
\calc@Acount=\count100
\calc@Bcount=\count101
\calc@Adimen=\dimen114
\calc@Bdimen=\dimen115
\calc@Askip=\skip61
\calc@Bskip=\skip62
LaTeX Info: Redefining \setlength on input line 76.
LaTeX Info: Redefining \addtolength on input line 77.
\calc@Ccount=\count102
\calc@Cskip=\skip63
)
(/usr/share/texlive/texmf-dist/tex/latex/eso-pic/eso-pic.sty
Package: eso-pic 2013/10/06 v2.0d eso-pic (RN)

(/usr/share/texlive/texmf-dist/tex/generic/oberdiek/atbegshi.sty
Package: atbegshi 2011/10/05 v1.16 At begin shipout hook (HO)

(/usr/share/texlive/texmf-dist/tex/generic/oberdiek/ifpdf.sty
Package: ifpdf 2011/01/30 v2.3 Provides the ifpdf switch (HO)
Package ifpdf Info: pdfTeX in PDF mode is detected.
))
(/usr/share/texmf/tex/latex/xcolor/xcolor.sty
Package: xcolor 2007/01/21 v2.11 LaTeX color extensions (UK)

(/usr/share/texlive/texmf-dist/tex/latex/latexconfig/color.cfg
File: color.cfg 2007/01/18 v1.5 color configuration of teTeX/TeXLive
)
Package xcolor Info: Driver file: pdftex.def on input line 225.
Package xcolor Info: Model `cmy' substituted by `cmy0' on input line 1337.
Package xcolor Info: Model `hsb' substituted by `rgb' on input line 1341.
Package xcolor Info: Model `RGB' extended on input line 1353.
Package xcolor Info: Model `HTML' substituted by `rgb' on input line 1355.
Package xcolor Info: Model `Hsb' substituted by `hsb' on input line 1356.
Package xcolor Info: Model `tHsb' substituted by `hsb' on input line 1357.
Package xcolor Info: Model `HSB' substituted by `hsb' on input line 1358.
Package xcolor Info: Model `Gray' substituted by `gray' on input line 1359.
Package xcolor Info: Model `wave' substituted by `hsb' on input line 1360.
))
(/usr/share/texlive/texmf-dist/tex/latex/pdfpages/pppdftex.def
File: pppdftex.def 2013/08/25 v0.4v Pdfpages driver for pdfTeX (AM)
)
\AM@pagebox=\box29
\AM@toc@title=\toks23
\c@AM@survey=\count103
\AM@templatesizebox=\box30
)
(/usr/share/texlive/texmf-dist/tex/latex/subfiles/subfiles.sty
Package: subfiles 2012/05/23 Federico Garcia
)
(/usr/share/texlive/texmf-dist/tex/latex/amsmath/amsmath.sty
Package: amsmath 2013/01/14 v2.14 AMS math features
\@mathmargin=\skip64

For additional information on amsmath, use the `?' option.
(/usr/share/texlive/texmf-dist/tex/latex/amsmath/amstext.sty
Package: amstext 2000/06/29 v2.01

(/usr/share/texlive/texmf-dist/tex/latex/amsmath/amsgen.sty
File: amsgen.sty 1999/11/30 v2.0
\@emptytoks=\toks24
\ex@=\dimen116
))
(/usr/share/texlive/texmf-dist/tex/latex/amsmath/amsbsy.sty
Package: amsbsy 1999/11/29 v1.2d
\pmbraise@=\dimen117
)
(/usr/share/texlive/texmf-dist/tex/latex/amsmath/amsopn.sty
Package: amsopn 1999/12/14 v2.01 operator names
)
\inf@bad=\count104
LaTeX Info: Redefining \frac on input line 210.
\uproot@=\count105
\leftroot@=\count106
LaTeX Info: Redefining \overline on input line 306.
\classnum@=\count107
\DOTSCASE@=\count108
LaTeX Info: Redefining \ldots on input line 378.
LaTeX Info: Redefining \dots on input line 381.
LaTeX Info: Redefining \cdots on input line 466.
\Mathstrutbox@=\box31
\strutbox@=\box32
\big@size=\dimen118
LaTeX Font Info:    Redeclaring font encoding OML on input line 566.
LaTeX Font Info:    Redeclaring font encoding OMS on input line 567.
\macc@depth=\count109
\c@MaxMatrixCols=\count110
\dotsspace@=\muskip10
\c@parentequation=\count111
\dspbrk@lvl=\count112
\tag@help=\toks25
\row@=\count113
\column@=\count114
\maxfields@=\count115
\andhelp@=\toks26
\eqnshift@=\dimen119
\alignsep@=\dimen120
\tagshift@=\dimen121
\tagwidth@=\dimen122
\totwidth@=\dimen123
\lineht@=\dimen124
\@envbody=\toks27
\multlinegap=\skip65
\multlinetaggap=\skip66
\mathdisplay@stack=\toks28
LaTeX Info: Redefining \[ on input line 2665.
LaTeX Info: Redefining \] on input line 2666.
)
(/usr/share/texlive/texmf-dist/tex/latex/ms/ragged2e.sty
Package: ragged2e 2009/05/21 v2.1 ragged2e Package (MS)

(/usr/share/texlive/texmf-dist/tex/latex/ms/everysel.sty
Package: everysel 2011/10/28 v1.2 EverySelectfont Package (MS)
)
\CenteringLeftskip=\skip67
\RaggedLeftLeftskip=\skip68
\RaggedRightLeftskip=\skip69
\CenteringRightskip=\skip70
\RaggedLeftRightskip=\skip71
\RaggedRightRightskip=\skip72
\CenteringParfillskip=\skip73
\RaggedLeftParfillskip=\skip74
\RaggedRightParfillskip=\skip75
\JustifyingParfillskip=\skip76
\CenteringParindent=\skip77
\RaggedLeftParindent=\skip78
\RaggedRightParindent=\skip79
\JustifyingParindent=\skip80
)
(/usr/share/texlive/texmf-dist/tex/latex/fancyvrb/fancyvrb.sty
Package: fancyvrb 2008/02/07

Style option: `fancyvrb' v2.7a, with DG/SPQR fixes, and firstline=lastline fix 
<2008/02/07> (tvz)
\FV@CodeLineNo=\count116
\FV@InFile=\read2
\FV@TabBox=\box33
\c@FancyVerbLine=\count117
\FV@StepNumber=\count118
\FV@OutFile=\write3
)
(/usr/share/texlive/texmf-dist/tex/latex/fancyhdr/fancyhdr.sty
\fancy@headwidth=\skip81
\f@ncyO@elh=\skip82
\f@ncyO@erh=\skip83
\f@ncyO@olh=\skip84
\f@ncyO@orh=\skip85
\f@ncyO@elf=\skip86
\f@ncyO@erf=\skip87
\f@ncyO@olf=\skip88
\f@ncyO@orf=\skip89
)
(/usr/share/texlive/texmf-dist/tex/latex/hyperref/hyperref.sty
Package: hyperref 2012/11/06 v6.83m Hypertext links for LaTeX

(/usr/share/texlive/texmf-dist/tex/generic/oberdiek/hobsub-hyperref.sty
Package: hobsub-hyperref 2012/05/28 v1.13 Bundle oberdiek, subset hyperref (HO)


(/usr/share/texlive/texmf-dist/tex/generic/oberdiek/hobsub-generic.sty
Package: hobsub-generic 2012/05/28 v1.13 Bundle oberdiek, subset generic (HO)
Package: hobsub 2012/05/28 v1.13 Construct package bundles (HO)
Package hobsub Info: Skipping package `infwarerr' (already loaded).
Package hobsub Info: Skipping package `ltxcmds' (already loaded).
Package: ifluatex 2010/03/01 v1.3 Provides the ifluatex switch (HO)
Package ifluatex Info: LuaTeX not detected.
Package: ifvtex 2010/03/01 v1.5 Detect VTeX and its facilities (HO)
Package ifvtex Info: VTeX not detected.
Package: intcalc 2007/09/27 v1.1 Expandable calculations with integers (HO)
Package hobsub Info: Skipping package `ifpdf' (already loaded).
Package: etexcmds 2011/02/16 v1.5 Avoid name clashes with e-TeX commands (HO)
Package etexcmds Info: Could not find \expanded.
(etexcmds)             That can mean that you are not using pdfTeX 1.50 or
(etexcmds)             that some package has redefined \expanded.
(etexcmds)             In the latter case, load this package earlier.
Package: kvsetkeys 2012/04/25 v1.16 Key value parser (HO)
Package: kvdefinekeys 2011/04/07 v1.3 Define keys (HO)
Package: pdftexcmds 2011/11/29 v0.20 Utility functions of pdfTeX for LuaTeX (HO
)
Package pdftexcmds Info: LuaTeX not detected.
Package pdftexcmds Info: \pdf@primitive is available.
Package pdftexcmds Info: \pdf@ifprimitive is available.
Package pdftexcmds Info: \pdfdraftmode found.
Package: pdfescape 2011/11/25 v1.13 Implements pdfTeX's escape features (HO)
Package: bigintcalc 2012/04/08 v1.3 Expandable calculations on big integers (HO
)
Package: bitset 2011/01/30 v1.1 Handle bit-vector datatype (HO)
Package: uniquecounter 2011/01/30 v1.2 Provide unlimited unique counter (HO)
)
Package hobsub Info: Skipping package `hobsub' (already loaded).
Package: letltxmacro 2010/09/02 v1.4 Let assignment for LaTeX macros (HO)
Package: hopatch 2012/05/28 v1.2 Wrapper for package hooks (HO)
Package: xcolor-patch 2011/01/30 xcolor patch
Package: atveryend 2011/06/30 v1.8 Hooks at the very end of document (HO)
Package hobsub Info: Skipping package `atbegshi' (already loaded).
Package: refcount 2011/10/16 v3.4 Data extraction from label references (HO)
Package: hycolor 2011/01/30 v1.7 Color options for hyperref/bookmark (HO)
)
(/usr/share/texlive/texmf-dist/tex/generic/ifxetex/ifxetex.sty
Package: ifxetex 2010/09/12 v0.6 Provides ifxetex conditional
)
(/usr/share/texlive/texmf-dist/tex/latex/oberdiek/auxhook.sty
Package: auxhook 2011/03/04 v1.3 Hooks for auxiliary files (HO)


Package auxhook Warning: Cannot patch \document,
(auxhook)                using \AtBeginDocument instead.

) (/usr/share/texlive/texmf-dist/tex/latex/oberdiek/kvoptions.sty
Package: kvoptions 2011/06/30 v3.11 Key value format for package options (HO)
)
\@linkdim=\dimen125
\Hy@linkcounter=\count119
\Hy@pagecounter=\count120

(/usr/share/texlive/texmf-dist/tex/latex/hyperref/pd1enc.def
File: pd1enc.def 2012/11/06 v6.83m Hyperref: PDFDocEncoding definition (HO)
Now handling font encoding PD1 ...
... no UTF-8 mapping file for font encoding PD1
)
\Hy@SavedSpaceFactor=\count121

(/usr/share/texlive/texmf-dist/tex/latex/latexconfig/hyperref.cfg
File: hyperref.cfg 2002/06/06 v1.2 hyperref configuration of TeXLive
)
Package hyperref Info: Hyper figures OFF on input line 4443.
Package hyperref Info: Link nesting OFF on input line 4448.
Package hyperref Info: Hyper index ON on input line 4451.
Package hyperref Info: Plain pages OFF on input line 4458.
Package hyperref Info: Backreferencing OFF on input line 4463.
Package hyperref Info: Implicit mode ON; LaTeX internals redefined.
Package hyperref Info: Bookmarks ON on input line 4688.
\c@Hy@tempcnt=\count122

(/usr/share/texlive/texmf-dist/tex/latex/url/url.sty
\Urlmuskip=\muskip11
Package: url 2013/09/16  ver 3.4  Verb mode for urls, etc.
)
LaTeX Info: Redefining \url on input line 5041.
\XeTeXLinkMargin=\dimen126
\Fld@menulength=\count123
\Field@Width=\dimen127
\Fld@charsize=\dimen128
Package hyperref Info: Hyper figures OFF on input line 6295.
Package hyperref Info: Link nesting OFF on input line 6300.
Package hyperref Info: Hyper index ON on input line 6303.
Package hyperref Info: backreferencing OFF on input line 6310.
Package hyperref Info: Link coloring OFF on input line 6315.
Package hyperref Info: Link coloring with OCG OFF on input line 6320.
Package hyperref Info: PDF/A mode OFF on input line 6325.
LaTeX Info: Redefining \ref on input line 6365.
LaTeX Info: Redefining \pageref on input line 6369.
\Hy@abspage=\count124
\c@Item=\count125
\c@Hfootnote=\count126
)

Package hyperref Message: Driver (autodetected): hpdftex.

(/usr/share/texlive/texmf-dist/tex/latex/hyperref/hpdftex.def
File: hpdftex.def 2012/11/06 v6.83m Hyperref driver for pdfTeX
\Fld@listcount=\count127
\c@bookmark@seq@number=\count128

(/usr/share/texlive/texmf-dist/tex/latex/oberdiek/rerunfilecheck.sty
Package: rerunfilecheck 2011/04/15 v1.7 Rerun checks for auxiliary files (HO)
Package uniquecounter Info: New unique counter `rerunfilecheck' on input line 2
82.
)
\Hy@SectionHShift=\skip90
)
(/usr/share/texlive/texmf-dist/tex/latex/minted/minted.sty
Package: minted 2011/09/17 v1.7 Yet another Pygments shim for LaTeX

(/usr/share/texlive/texmf-dist/tex/latex/ifplatform/ifplatform.sty
Package: ifplatform 2010/10/22 v0.4 Testing for the operating system

(/usr/share/texlive/texmf-dist/tex/generic/oberdiek/catchfile.sty
Package: catchfile 2011/03/01 v1.6 Catch the contents of a file (HO)
)
runsystem(uname -s > "Apendice_A.w18")...executed.


(./Apendice_A.w18)
runsystem(rm -- "Apendice_A.w18")...executed.

)
\minted@bgbox=\box34
\minted@code=\write4
\@float@every@listing=\toks29
\c@listing=\count129
)
runsystem(which pygmentize && touch Apendice_A.aex)...executed.

runsystem(rm Apendice_A.aex)...executed.

)) (./Apendice_A.aux
LaTeX Info: Redefining \. on input line 23.
LaTeX Info: Redefining \% on input line 23.


LaTeX Warning: Label `Motor DCX32L' multiply defined.


LaTeX Warning: Label `Datos del Roboclaw' multiply defined.


LaTeX Warning: Label `Datos del USB2HUB4' multiply defined.

)
\openout1 = `Apendice_A.aux'.

LaTeX Font Info:    Checking defaults for OML/cmm/m/it on input line 3.
LaTeX Font Info:    ... okay on input line 3.
LaTeX Font Info:    Checking defaults for T1/cmr/m/n on input line 3.
LaTeX Font Info:    ... okay on input line 3.
LaTeX Font Info:    Checking defaults for OT1/cmr/m/n on input line 3.
LaTeX Font Info:    ... okay on input line 3.
LaTeX Font Info:    Checking defaults for OMS/cmsy/m/n on input line 3.
LaTeX Font Info:    ... okay on input line 3.
LaTeX Font Info:    Checking defaults for OMX/cmex/m/n on input line 3.
LaTeX Font Info:    ... okay on input line 3.
LaTeX Font Info:    Checking defaults for U/cmr/m/n on input line 3.
LaTeX Font Info:    ... okay on input line 3.
LaTeX Font Info:    Checking defaults for PD1/pdf/m/n on input line 3.
LaTeX Font Info:    ... okay on input line 3.
LaTeX Info: Redefining \. on input line 3.
LaTeX Info: Redefining \% on input line 3.
 (/usr/share/texlive/texmf-dist/tex/context/base/supp-pdf.mkii
[Loading MPS to PDF converter (version 2006.09.02).]
\scratchcounter=\count130
\scratchdimen=\dimen129
\scratchbox=\box35
\nofMPsegments=\count131
\nofMParguments=\count132
\everyMPshowfont=\toks30
\MPscratchCnt=\count133
\MPscratchDim=\dimen130
\MPnumerator=\count134
\makeMPintoPDFobject=\count135
\everyMPtoPDFconversion=\toks31
) (/usr/share/texlive/texmf-dist/tex/latex/oberdiek/epstopdf-base.sty
Package: epstopdf-base 2010/02/09 v2.5 Base part for package epstopdf

(/usr/share/texlive/texmf-dist/tex/latex/oberdiek/grfext.sty
Package: grfext 2010/08/19 v1.1 Manage graphics extensions (HO)
)
Package grfext Info: Graphics extension search list:
(grfext)             [.png,.pdf,.jpg,.mps,.jpeg,.jbig2,.jb2,.PNG,.PDF,.JPG,.JPE
G,.JBIG2,.JB2,.eps]
(grfext)             \AppendGraphicsExtensions on input line 452.

(/usr/share/texlive/texmf-dist/tex/latex/latexconfig/epstopdf-sys.cfg
File: epstopdf-sys.cfg 2010/07/13 v1.3 Configuration of (r)epstopdf for TeX Liv
e
))
\AtBeginShipoutBox=\box36

ABD: EverySelectfont initializing macros
LaTeX Info: Redefining \selectfont on input line 3.
Package hyperref Info: Link coloring OFF on input line 3.

(/usr/share/texlive/texmf-dist/tex/latex/hyperref/nameref.sty
Package: nameref 2012/10/27 v2.43 Cross-referencing by name of section

(/usr/share/texlive/texmf-dist/tex/generic/oberdiek/gettitlestring.sty
Package: gettitlestring 2010/12/03 v1.4 Cleanup title references (HO)
)
\c@section@level=\count136
)
LaTeX Info: Redefining \ref on input line 3.
LaTeX Info: Redefining \pageref on input line 3.
LaTeX Info: Redefining \nameref on input line 3.

(./Apendice_A.out) (./Apendice_A.out)
\@outlinefile=\write5
\openout5 = `Apendice_A.out'.

runsystem(pygmentize -S default -f latex > Apendice_A.pyg)...executed.

 (./Apendice_A.pyg)
Cap\'{\i }tulo 1.
Package babel Info: Redefining spanish shorthand <<
(babel)             in language  on input line 5.
Package babel Info: Redefining spanish shorthand >>
(babel)             in language  on input line 5.
Package babel Info: Redefining spanish shorthand "=
(babel)             in language  on input line 5.
Package babel Info: Redefining spanish shorthand "~
(babel)             in language  on input line 5.
Package babel Info: Redefining spanish shorthand "!
(babel)             in language  on input line 5.
Package babel Info: Redefining spanish shorthand "?
(babel)             in language  on input line 5.
Package babel Info: Redefining spanish shorthand <<
(babel)             in language  on input line 10.
Package babel Info: Redefining spanish shorthand >>
(babel)             in language  on input line 10.
Package babel Info: Redefining spanish shorthand "=
(babel)             in language  on input line 10.
Package babel Info: Redefining spanish shorthand "~
(babel)             in language  on input line 10.
Package babel Info: Redefining spanish shorthand "!
(babel)             in language  on input line 10.
Package babel Info: Redefining spanish shorthand "?
(babel)             in language  on input line 10.
Package babel Info: Redefining spanish shorthand <<
(babel)             in language  on input line 15.
Package babel Info: Redefining spanish shorthand >>
(babel)             in language  on input line 15.
Package babel Info: Redefining spanish shorthand "=
(babel)             in language  on input line 15.
Package babel Info: Redefining spanish shorthand "~
(babel)             in language  on input line 15.
Package babel Info: Redefining spanish shorthand "!
(babel)             in language  on input line 15.
Package babel Info: Redefining spanish shorthand "?
(babel)             in language  on input line 15.
<Figures/Hardware/Partes/MX-106.png, id=80, 236.38312pt x 208.52907pt>
File: Figures/Hardware/Partes/MX-106.png Graphic file (type png)

<use Figures/Hardware/Partes/MX-106.png>
Package pdftex.def Info: Figures/Hardware/Partes/MX-106.png used on input line 
19.
(pdftex.def)             Requested size: 168.30092pt x 148.4735pt.

Overfull \hbox (11.44685pt too wide) in paragraph at lines 33--33
[]|\OT1/cmr/m/n/12 General|  
 []


Overfull \hbox (39.8271pt too wide) in paragraph at lines 71--71
\OT1/cmr/m/n/12 controladores|  
 []


Underfull \vbox (badness 10000) has occurred while \output is active []

Package babel Info: Redefining spanish shorthand <<
(babel)             in language  on input line 80.
Package babel Info: Redefining spanish shorthand >>
(babel)             in language  on input line 80.
Package babel Info: Redefining spanish shorthand "=
(babel)             in language  on input line 80.
Package babel Info: Redefining spanish shorthand "~
(babel)             in language  on input line 80.
Package babel Info: Redefining spanish shorthand "!
(babel)             in language  on input line 80.
Package babel Info: Redefining spanish shorthand "?
(babel)             in language  on input line 80.
Package babel Info: Redefining spanish shorthand <<
(babel)             in language  on input line 80.
Package babel Info: Redefining spanish shorthand >>
(babel)             in language  on input line 80.
Package babel Info: Redefining spanish shorthand "=
(babel)             in language  on input line 80.
Package babel Info: Redefining spanish shorthand "~
(babel)             in language  on input line 80.
Package babel Info: Redefining spanish shorthand "!
(babel)             in language  on input line 80.
Package babel Info: Redefining spanish shorthand "?
(babel)             in language  on input line 80.
 [1


{/var/lib/texmf/fonts/map/pdftex/updmap/pdftex.map} <./Figures/Hardware/Partes/
MX-106.png>]
Package babel Info: Redefining spanish shorthand <<
(babel)             in language  on input line 81.
Package babel Info: Redefining spanish shorthand >>
(babel)             in language  on input line 81.
Package babel Info: Redefining spanish shorthand "=
(babel)             in language  on input line 81.
Package babel Info: Redefining spanish shorthand "~
(babel)             in language  on input line 81.
Package babel Info: Redefining spanish shorthand "!
(babel)             in language  on input line 81.
Package babel Info: Redefining spanish shorthand "?
(babel)             in language  on input line 81.
 <Figures/Hardware/Partes/MX-64.png, id=90, 188.95593pt x 228.10219pt>
File: Figures/Hardware/Partes/MX-64.png Graphic file (type png)

<use Figures/Hardware/Partes/MX-64.png>
Package pdftex.def Info: Figures/Hardware/Partes/MX-64.png used on input line 8
5.
(pdftex.def)             Requested size: 115.40697pt x 139.31615pt.
LaTeX Info: Redefining \. on input line 88.
LaTeX Info: Redefining \% on input line 88.
Package babel Info: Redefining spanish shorthand <<
(babel)             in language  on input line 88.
Package babel Info: Redefining spanish shorthand >>
(babel)             in language  on input line 88.
Package babel Info: Redefining spanish shorthand "=
(babel)             in language  on input line 88.
Package babel Info: Redefining spanish shorthand "~
(babel)             in language  on input line 88.
Package babel Info: Redefining spanish shorthand "!
(babel)             in language  on input line 88.
Package babel Info: Redefining spanish shorthand "?
(babel)             in language  on input line 88.
Package babel Info: Redefining spanish shorthand <<
(babel)             in language  on input line 88.
Package babel Info: Redefining spanish shorthand >>
(babel)             in language  on input line 88.
Package babel Info: Redefining spanish shorthand "=
(babel)             in language  on input line 88.
Package babel Info: Redefining spanish shorthand "~
(babel)             in language  on input line 88.
Package babel Info: Redefining spanish shorthand "!
(babel)             in language  on input line 88.
Package babel Info: Redefining spanish shorthand "?
(babel)             in language  on input line 88.
 [2 <./Figures/Hardware/Partes/MX-64.png>]
Overfull \hbox (7.44966pt too wide) in paragraph at lines 99--99
[]|\OT1/cmr/m/n/12 Torque|  
 []


Overfull \hbox (39.8271pt too wide) in paragraph at lines 137--137
\OT1/cmr/m/n/12 controladores|  
 []

LaTeX Info: Redefining \. on input line 146.
LaTeX Info: Redefining \% on input line 146.
Package babel Info: Redefining spanish shorthand <<
(babel)             in language  on input line 146.
Package babel Info: Redefining spanish shorthand >>
(babel)             in language  on input line 146.
Package babel Info: Redefining spanish shorthand "=
(babel)             in language  on input line 146.
Package babel Info: Redefining spanish shorthand "~
(babel)             in language  on input line 146.
Package babel Info: Redefining spanish shorthand "!
(babel)             in language  on input line 146.
Package babel Info: Redefining spanish shorthand "?
(babel)             in language  on input line 146.
Package babel Info: Redefining spanish shorthand <<
(babel)             in language  on input line 146.
Package babel Info: Redefining spanish shorthand >>
(babel)             in language  on input line 146.
Package babel Info: Redefining spanish shorthand "=
(babel)             in language  on input line 146.
Package babel Info: Redefining spanish shorthand "~
(babel)             in language  on input line 146.
Package babel Info: Redefining spanish shorthand "!
(babel)             in language  on input line 146.
Package babel Info: Redefining spanish shorthand "?
(babel)             in language  on input line 146.
[3]
Package babel Info: Redefining spanish shorthand <<
(babel)             in language  on input line 147.
Package babel Info: Redefining spanish shorthand >>
(babel)             in language  on input line 147.
Package babel Info: Redefining spanish shorthand "=
(babel)             in language  on input line 147.
Package babel Info: Redefining spanish shorthand "~
(babel)             in language  on input line 147.
Package babel Info: Redefining spanish shorthand "!
(babel)             in language  on input line 147.
Package babel Info: Redefining spanish shorthand "?
(babel)             in language  on input line 147.
 <Figures/Hardware/Partes/MX-28.png, id=103, 371.88937pt x 182.18062pt>
File: Figures/Hardware/Partes/MX-28.png Graphic file (type png)

<use Figures/Hardware/Partes/MX-28.png>
Package pdftex.def Info: Figures/Hardware/Partes/MX-28.png used on input line 1
51.
(pdftex.def)             Requested size: 288.51376pt x 141.3414pt.

Overfull \hbox (7.44966pt too wide) in paragraph at lines 165--165
[]|\OT1/cmr/m/n/12 Torque|  
 []


Overfull \hbox (39.8271pt too wide) in paragraph at lines 203--203
\OT1/cmr/m/n/12 controladores|  
 []

Package babel Info: Redefining spanish shorthand <<
(babel)             in language  on input line 214.
Package babel Info: Redefining spanish shorthand >>
(babel)             in language  on input line 214.
Package babel Info: Redefining spanish shorthand "=
(babel)             in language  on input line 214.
Package babel Info: Redefining spanish shorthand "~
(babel)             in language  on input line 214.
Package babel Info: Redefining spanish shorthand "!
(babel)             in language  on input line 214.
Package babel Info: Redefining spanish shorthand "?
(babel)             in language  on input line 214.
LaTeX Info: Redefining \. on input line 217.
LaTeX Info: Redefining \% on input line 217.
Package babel Info: Redefining spanish shorthand <<
(babel)             in language  on input line 217.
Package babel Info: Redefining spanish shorthand >>
(babel)             in language  on input line 217.
Package babel Info: Redefining spanish shorthand "=
(babel)             in language  on input line 217.
Package babel Info: Redefining spanish shorthand "~
(babel)             in language  on input line 217.
Package babel Info: Redefining spanish shorthand "!
(babel)             in language  on input line 217.
Package babel Info: Redefining spanish shorthand "?
(babel)             in language  on input line 217.
Package babel Info: Redefining spanish shorthand <<
(babel)             in language  on input line 217.
Package babel Info: Redefining spanish shorthand >>
(babel)             in language  on input line 217.
Package babel Info: Redefining spanish shorthand "=
(babel)             in language  on input line 217.
Package babel Info: Redefining spanish shorthand "~
(babel)             in language  on input line 217.
Package babel Info: Redefining spanish shorthand "!
(babel)             in language  on input line 217.
Package babel Info: Redefining spanish shorthand "?
(babel)             in language  on input line 217.
[4 <./Figures/Hardware/Partes/MX-28.png>]
<Figures/Hardware/Partes/DCX32L.png, id=110, 306.14375pt x 215.80624pt>
File: Figures/Hardware/Partes/DCX32L.png Graphic file (type png)

<use Figures/Hardware/Partes/DCX32L.png>
Package pdftex.def Info: Figures/Hardware/Partes/DCX32L.png used on input line 
218.
(pdftex.def)             Requested size: 144.25688pt x 101.68909pt.
LaTeX Info: Redefining \. on input line 222.
LaTeX Info: Redefining \% on input line 222.
Package babel Info: Redefining spanish shorthand <<
(babel)             in language  on input line 222.
Package babel Info: Redefining spanish shorthand >>
(babel)             in language  on input line 222.
Package babel Info: Redefining spanish shorthand "=
(babel)             in language  on input line 222.
Package babel Info: Redefining spanish shorthand "~
(babel)             in language  on input line 222.
Package babel Info: Redefining spanish shorthand "!
(babel)             in language  on input line 222.
Package babel Info: Redefining spanish shorthand "?
(babel)             in language  on input line 222.
Package babel Info: Redefining spanish shorthand <<
(babel)             in language  on input line 222.
Package babel Info: Redefining spanish shorthand >>
(babel)             in language  on input line 222.
Package babel Info: Redefining spanish shorthand "=
(babel)             in language  on input line 222.
Package babel Info: Redefining spanish shorthand "~
(babel)             in language  on input line 222.
Package babel Info: Redefining spanish shorthand "!
(babel)             in language  on input line 222.
Package babel Info: Redefining spanish shorthand "?
(babel)             in language  on input line 222.
 [5 <./Figures/Hardware/Partes/DCX32L.png>]
Underfull \vbox (badness 10000) has occurred while \output is active []

LaTeX Info: Redefining \. on input line 327.
LaTeX Info: Redefining \% on input line 327.
Package babel Info: Redefining spanish shorthand <<
(babel)             in language  on input line 327.
Package babel Info: Redefining spanish shorthand >>
(babel)             in language  on input line 327.
Package babel Info: Redefining spanish shorthand "=
(babel)             in language  on input line 327.
Package babel Info: Redefining spanish shorthand "~
(babel)             in language  on input line 327.
Package babel Info: Redefining spanish shorthand "!
(babel)             in language  on input line 327.
Package babel Info: Redefining spanish shorthand "?
(babel)             in language  on input line 327.
Package babel Info: Redefining spanish shorthand <<
(babel)             in language  on input line 327.
Package babel Info: Redefining spanish shorthand >>
(babel)             in language  on input line 327.
Package babel Info: Redefining spanish shorthand "=
(babel)             in language  on input line 327.
Package babel Info: Redefining spanish shorthand "~
(babel)             in language  on input line 327.
Package babel Info: Redefining spanish shorthand "!
(babel)             in language  on input line 327.
Package babel Info: Redefining spanish shorthand "?
(babel)             in language  on input line 327.
 [6]
Underfull \vbox (badness 10000) has occurred while \output is active []

LaTeX Info: Redefining \. on input line 383.
LaTeX Info: Redefining \% on input line 383.
Package babel Info: Redefining spanish shorthand <<
(babel)             in language  on input line 383.
Package babel Info: Redefining spanish shorthand >>
(babel)             in language  on input line 383.
Package babel Info: Redefining spanish shorthand "=
(babel)             in language  on input line 383.
Package babel Info: Redefining spanish shorthand "~
(babel)             in language  on input line 383.
Package babel Info: Redefining spanish shorthand "!
(babel)             in language  on input line 383.
Package babel Info: Redefining spanish shorthand "?
(babel)             in language  on input line 383.
Package babel Info: Redefining spanish shorthand <<
(babel)             in language  on input line 383.
Package babel Info: Redefining spanish shorthand >>
(babel)             in language  on input line 383.
Package babel Info: Redefining spanish shorthand "=
(babel)             in language  on input line 383.
Package babel Info: Redefining spanish shorthand "~
(babel)             in language  on input line 383.
Package babel Info: Redefining spanish shorthand "!
(babel)             in language  on input line 383.
Package babel Info: Redefining spanish shorthand "?
(babel)             in language  on input line 383.
 [7]
Overfull \vbox (3.52185pt too high) has occurred while \output is active []

LaTeX Info: Redefining \. on input line 383.
LaTeX Info: Redefining \% on input line 383.
Package babel Info: Redefining spanish shorthand <<
(babel)             in language  on input line 383.
Package babel Info: Redefining spanish shorthand >>
(babel)             in language  on input line 383.
Package babel Info: Redefining spanish shorthand "=
(babel)             in language  on input line 383.
Package babel Info: Redefining spanish shorthand "~
(babel)             in language  on input line 383.
Package babel Info: Redefining spanish shorthand "!
(babel)             in language  on input line 383.
Package babel Info: Redefining spanish shorthand "?
(babel)             in language  on input line 383.
Package babel Info: Redefining spanish shorthand <<
(babel)             in language  on input line 383.
Package babel Info: Redefining spanish shorthand >>
(babel)             in language  on input line 383.
Package babel Info: Redefining spanish shorthand "=
(babel)             in language  on input line 383.
Package babel Info: Redefining spanish shorthand "~
(babel)             in language  on input line 383.
Package babel Info: Redefining spanish shorthand "!
(babel)             in language  on input line 383.
Package babel Info: Redefining spanish shorthand "?
(babel)             in language  on input line 383.

[8]
Package babel Info: Redefining spanish shorthand <<
(babel)             in language  on input line 385.
Package babel Info: Redefining spanish shorthand >>
(babel)             in language  on input line 385.
Package babel Info: Redefining spanish shorthand "=
(babel)             in language  on input line 385.
Package babel Info: Redefining spanish shorthand "~
(babel)             in language  on input line 385.
Package babel Info: Redefining spanish shorthand "!
(babel)             in language  on input line 385.
Package babel Info: Redefining spanish shorthand "?
(babel)             in language  on input line 385.
 <Figures/Hardware/Partes/Dynamixel.png, id=132, 191.9672pt x 88.07906pt>
File: Figures/Hardware/Partes/Dynamixel.png Graphic file (type png)

<use Figures/Hardware/Partes/Dynamixel.png>
Package pdftex.def Info: Figures/Hardware/Partes/Dynamixel.png used on input li
ne 389.
(pdftex.def)             Requested size: 288.51376pt x 132.39644pt.

Underfull \hbox (badness 10000) in paragraph at lines 394--398

 []


Underfull \hbox (badness 10000) in paragraph at lines 394--398

 []


Underfull \hbox (badness 10000) in paragraph at lines 404--406

 []


Underfull \hbox (badness 10000) in paragraph at lines 407--408

 []

Package babel Info: Redefining spanish shorthand <<
(babel)             in language  on input line 419.
Package babel Info: Redefining spanish shorthand >>
(babel)             in language  on input line 419.
Package babel Info: Redefining spanish shorthand "=
(babel)             in language  on input line 419.
Package babel Info: Redefining spanish shorthand "~
(babel)             in language  on input line 419.
Package babel Info: Redefining spanish shorthand "!
(babel)             in language  on input line 419.
Package babel Info: Redefining spanish shorthand "?
(babel)             in language  on input line 419.

<Figures/Hardware/Partes/Roboclaw_2x30A.png, id=133, 322.95656pt x 249.18094pt>
File: Figures/Hardware/Partes/Roboclaw_2x30A.png Graphic file (type png)
<use Figures/Hardware/Partes/Roboclaw_2x30A.png>
Package pdftex.def Info: Figures/Hardware/Partes/Roboclaw_2x30A.png used on inp
ut line 423.
(pdftex.def)             Requested size: 192.33762pt x 148.39946pt.
LaTeX Info: Redefining \. on input line 424.
LaTeX Info: Redefining \% on input line 424.
Package babel Info: Redefining spanish shorthand <<
(babel)             in language  on input line 424.
Package babel Info: Redefining spanish shorthand >>
(babel)             in language  on input line 424.
Package babel Info: Redefining spanish shorthand "=
(babel)             in language  on input line 424.
Package babel Info: Redefining spanish shorthand "~
(babel)             in language  on input line 424.
Package babel Info: Redefining spanish shorthand "!
(babel)             in language  on input line 424.
Package babel Info: Redefining spanish shorthand "?
(babel)             in language  on input line 424.
Package babel Info: Redefining spanish shorthand <<
(babel)             in language  on input line 424.
Package babel Info: Redefining spanish shorthand >>
(babel)             in language  on input line 424.
Package babel Info: Redefining spanish shorthand "=
(babel)             in language  on input line 424.
Package babel Info: Redefining spanish shorthand "~
(babel)             in language  on input line 424.
Package babel Info: Redefining spanish shorthand "!
(babel)             in language  on input line 424.
Package babel Info: Redefining spanish shorthand "?
(babel)             in language  on input line 424.
 [9 <./Figures/Hardware/Partes/Dynamixel.png>]
Package babel Info: Redefining spanish shorthand <<
(babel)             in language  on input line 453.
Package babel Info: Redefining spanish shorthand >>
(babel)             in language  on input line 453.
Package babel Info: Redefining spanish shorthand "=
(babel)             in language  on input line 453.
Package babel Info: Redefining spanish shorthand "~
(babel)             in language  on input line 453.
Package babel Info: Redefining spanish shorthand "!
(babel)             in language  on input line 453.
Package babel Info: Redefining spanish shorthand "?
(babel)             in language  on input line 453.

<Figures/Hardware/Partes/Roboclaw_2x15A.png, id=139, 324.46219pt x 239.39438pt>
File: Figures/Hardware/Partes/Roboclaw_2x15A.png Graphic file (type png)
<use Figures/Hardware/Partes/Roboclaw_2x15A.png>
Package pdftex.def Info: Figures/Hardware/Partes/Roboclaw_2x15A.png used on inp
ut line 457.
(pdftex.def)             Requested size: 240.42569pt x 177.3938pt.
LaTeX Info: Redefining \. on input line 485.
LaTeX Info: Redefining \% on input line 485.
Package babel Info: Redefining spanish shorthand <<
(babel)             in language  on input line 485.
Package babel Info: Redefining spanish shorthand >>
(babel)             in language  on input line 485.
Package babel Info: Redefining spanish shorthand "=
(babel)             in language  on input line 485.
Package babel Info: Redefining spanish shorthand "~
(babel)             in language  on input line 485.
Package babel Info: Redefining spanish shorthand "!
(babel)             in language  on input line 485.
Package babel Info: Redefining spanish shorthand "?
(babel)             in language  on input line 485.
Package babel Info: Redefining spanish shorthand <<
(babel)             in language  on input line 485.
Package babel Info: Redefining spanish shorthand >>
(babel)             in language  on input line 485.
Package babel Info: Redefining spanish shorthand "=
(babel)             in language  on input line 485.
Package babel Info: Redefining spanish shorthand "~
(babel)             in language  on input line 485.
Package babel Info: Redefining spanish shorthand "!
(babel)             in language  on input line 485.
Package babel Info: Redefining spanish shorthand "?
(babel)             in language  on input line 485.
 [10 <./Figures/Hardware/Partes/Roboclaw_2x30A.png> <./Figures/Hardware/Partes/
Roboclaw_2x15A.png>]
Package babel Info: Redefining spanish shorthand <<
(babel)             in language  on input line 490.
Package babel Info: Redefining spanish shorthand >>
(babel)             in language  on input line 490.
Package babel Info: Redefining spanish shorthand "=
(babel)             in language  on input line 490.
Package babel Info: Redefining spanish shorthand "~
(babel)             in language  on input line 490.
Package babel Info: Redefining spanish shorthand "!
(babel)             in language  on input line 490.
Package babel Info: Redefining spanish shorthand "?
(babel)             in language  on input line 490.
Package babel Info: Redefining spanish shorthand <<
(babel)             in language  on input line 491.
Package babel Info: Redefining spanish shorthand >>
(babel)             in language  on input line 491.
Package babel Info: Redefining spanish shorthand "=
(babel)             in language  on input line 491.
Package babel Info: Redefining spanish shorthand "~
(babel)             in language  on input line 491.
Package babel Info: Redefining spanish shorthand "!
(babel)             in language  on input line 491.
Package babel Info: Redefining spanish shorthand "?
(babel)             in language  on input line 491.

<Figures/Hardware/Partes/Kinect.png, id=146, 963.6pt x 451.6875pt>
File: Figures/Hardware/Partes/Kinect.png Graphic file (type png)

<use Figures/Hardware/Partes/Kinect.png>
Package pdftex.def Info: Figures/Hardware/Partes/Kinect.png used on input line 
495.
(pdftex.def)             Requested size: 336.5945pt x 157.77594pt.
LaTeX Info: Redefining \. on input line 524.
LaTeX Info: Redefining \% on input line 524.
Package babel Info: Redefining spanish shorthand <<
(babel)             in language  on input line 524.
Package babel Info: Redefining spanish shorthand >>
(babel)             in language  on input line 524.
Package babel Info: Redefining spanish shorthand "=
(babel)             in language  on input line 524.
Package babel Info: Redefining spanish shorthand "~
(babel)             in language  on input line 524.
Package babel Info: Redefining spanish shorthand "!
(babel)             in language  on input line 524.
Package babel Info: Redefining spanish shorthand "?
(babel)             in language  on input line 524.
Package babel Info: Redefining spanish shorthand <<
(babel)             in language  on input line 524.
Package babel Info: Redefining spanish shorthand >>
(babel)             in language  on input line 524.
Package babel Info: Redefining spanish shorthand "=
(babel)             in language  on input line 524.
Package babel Info: Redefining spanish shorthand "~
(babel)             in language  on input line 524.
Package babel Info: Redefining spanish shorthand "!
(babel)             in language  on input line 524.
Package babel Info: Redefining spanish shorthand "?
(babel)             in language  on input line 524.
 [11]
Package babel Info: Redefining spanish shorthand <<
(babel)             in language  on input line 527.
Package babel Info: Redefining spanish shorthand >>
(babel)             in language  on input line 527.
Package babel Info: Redefining spanish shorthand "=
(babel)             in language  on input line 527.
Package babel Info: Redefining spanish shorthand "~
(babel)             in language  on input line 527.
Package babel Info: Redefining spanish shorthand "!
(babel)             in language  on input line 527.
Package babel Info: Redefining spanish shorthand "?
(babel)             in language  on input line 527.

<Figures/Hardware/Partes/Hokuyo.png, id=153, 237.13594pt x 234.8775pt>
File: Figures/Hardware/Partes/Hokuyo.png Graphic file (type png)

<use Figures/Hardware/Partes/Hokuyo.png>
Package pdftex.def Info: Figures/Hardware/Partes/Hokuyo.png used on input line 
531.
(pdftex.def)             Requested size: 168.30092pt x 166.70326pt.
LaTeX Info: Redefining \. on input line 532.
LaTeX Info: Redefining \% on input line 532.
Package babel Info: Redefining spanish shorthand <<
(babel)             in language  on input line 532.
Package babel Info: Redefining spanish shorthand >>
(babel)             in language  on input line 532.
Package babel Info: Redefining spanish shorthand "=
(babel)             in language  on input line 532.
Package babel Info: Redefining spanish shorthand "~
(babel)             in language  on input line 532.
Package babel Info: Redefining spanish shorthand "!
(babel)             in language  on input line 532.
Package babel Info: Redefining spanish shorthand "?
(babel)             in language  on input line 532.
Package babel Info: Redefining spanish shorthand <<
(babel)             in language  on input line 532.
Package babel Info: Redefining spanish shorthand >>
(babel)             in language  on input line 532.
Package babel Info: Redefining spanish shorthand "=
(babel)             in language  on input line 532.
Package babel Info: Redefining spanish shorthand "~
(babel)             in language  on input line 532.
Package babel Info: Redefining spanish shorthand "!
(babel)             in language  on input line 532.
Package babel Info: Redefining spanish shorthand "?
(babel)             in language  on input line 532.
 [12 <./Figures/Hardware/Partes/Kinect.png>]
Overfull \hbox (88.25522pt too wide) in paragraph at lines 539--564
[][] 
 []

Package babel Info: Redefining spanish shorthand <<
(babel)             in language  on input line 569.
Package babel Info: Redefining spanish shorthand >>
(babel)             in language  on input line 569.
Package babel Info: Redefining spanish shorthand "=
(babel)             in language  on input line 569.
Package babel Info: Redefining spanish shorthand "~
(babel)             in language  on input line 569.
Package babel Info: Redefining spanish shorthand "!
(babel)             in language  on input line 569.
Package babel Info: Redefining spanish shorthand "?
(babel)             in language  on input line 569.
<Figures/Hardware/Partes/Rode.jpg, id=161, 1927.2pt x 963.6pt>
File: Figures/Hardware/Partes/Rode.jpg Graphic file (type jpg)

<use Figures/Hardware/Partes/Rode.jpg>
Package pdftex.def Info: Figures/Hardware/Partes/Rode.jpg used on input line 57
3.
(pdftex.def)             Requested size: 288.51376pt x 144.2544pt.

Underfull \vbox (badness 10000) has occurred while \output is active []

LaTeX Info: Redefining \. on input line 574.
LaTeX Info: Redefining \% on input line 574.
Package babel Info: Redefining spanish shorthand <<
(babel)             in language  on input line 574.
Package babel Info: Redefining spanish shorthand >>
(babel)             in language  on input line 574.
Package babel Info: Redefining spanish shorthand "=
(babel)             in language  on input line 574.
Package babel Info: Redefining spanish shorthand "~
(babel)             in language  on input line 574.
Package babel Info: Redefining spanish shorthand "!
(babel)             in language  on input line 574.
Package babel Info: Redefining spanish shorthand "?
(babel)             in language  on input line 574.
Package babel Info: Redefining spanish shorthand <<
(babel)             in language  on input line 574.
Package babel Info: Redefining spanish shorthand >>
(babel)             in language  on input line 574.
Package babel Info: Redefining spanish shorthand "=
(babel)             in language  on input line 574.
Package babel Info: Redefining spanish shorthand "~
(babel)             in language  on input line 574.
Package babel Info: Redefining spanish shorthand "!
(babel)             in language  on input line 574.
Package babel Info: Redefining spanish shorthand "?
(babel)             in language  on input line 574.
 [13 <./Figures/Hardware/Partes/Hokuyo.png>]
Overfull \hbox (2.8521pt too wide) in paragraph at lines 582--605
 [][] 
 []

Package babel Info: Redefining spanish shorthand <<
(babel)             in language  on input line 612.
Package babel Info: Redefining spanish shorthand >>
(babel)             in language  on input line 612.
Package babel Info: Redefining spanish shorthand "=
(babel)             in language  on input line 612.
Package babel Info: Redefining spanish shorthand "~
(babel)             in language  on input line 612.
Package babel Info: Redefining spanish shorthand "!
(babel)             in language  on input line 612.
Package babel Info: Redefining spanish shorthand "?
(babel)             in language  on input line 612.
Package babel Info: Redefining spanish shorthand <<
(babel)             in language  on input line 614.
Package babel Info: Redefining spanish shorthand >>
(babel)             in language  on input line 614.
Package babel Info: Redefining spanish shorthand "=
(babel)             in language  on input line 614.
Package babel Info: Redefining spanish shorthand "~
(babel)             in language  on input line 614.
Package babel Info: Redefining spanish shorthand "!
(babel)             in language  on input line 614.
Package babel Info: Redefining spanish shorthand "?
(babel)             in language  on input line 614.
<Figures/Hardware/Partes/Li-po_Battery.jpg, id=169, 1284.8pt x 722.7pt>
File: Figures/Hardware/Partes/Li-po_Battery.jpg Graphic file (type jpg)

<use Figures/Hardware/Partes/Li-po_Battery.jpg>
Package pdftex.def Info: Figures/Hardware/Partes/Li-po_Battery.jpg used on inpu
t line 620.
(pdftex.def)             Requested size: 240.42569pt x 135.23022pt.
LaTeX Info: Redefining \. on input line 621.
LaTeX Info: Redefining \% on input line 621.
Package babel Info: Redefining spanish shorthand <<
(babel)             in language  on input line 621.
Package babel Info: Redefining spanish shorthand >>
(babel)             in language  on input line 621.
Package babel Info: Redefining spanish shorthand "=
(babel)             in language  on input line 621.
Package babel Info: Redefining spanish shorthand "~
(babel)             in language  on input line 621.
Package babel Info: Redefining spanish shorthand "!
(babel)             in language  on input line 621.
Package babel Info: Redefining spanish shorthand "?
(babel)             in language  on input line 621.
Package babel Info: Redefining spanish shorthand <<
(babel)             in language  on input line 621.
Package babel Info: Redefining spanish shorthand >>
(babel)             in language  on input line 621.
Package babel Info: Redefining spanish shorthand "=
(babel)             in language  on input line 621.
Package babel Info: Redefining spanish shorthand "~
(babel)             in language  on input line 621.
Package babel Info: Redefining spanish shorthand "!
(babel)             in language  on input line 621.
Package babel Info: Redefining spanish shorthand "?
(babel)             in language  on input line 621.
 [14 <./Figures/Hardware/Partes/Rode.jpg>]
Package babel Info: Redefining spanish shorthand <<
(babel)             in language  on input line 649.
Package babel Info: Redefining spanish shorthand >>
(babel)             in language  on input line 649.
Package babel Info: Redefining spanish shorthand "=
(babel)             in language  on input line 649.
Package babel Info: Redefining spanish shorthand "~
(babel)             in language  on input line 649.
Package babel Info: Redefining spanish shorthand "!
(babel)             in language  on input line 649.
Package babel Info: Redefining spanish shorthand "?
(babel)             in language  on input line 649.

<Figures/Hardware/Partes/ATX.JPG, id=176, 146.79843pt x 184.43906pt>
File: Figures/Hardware/Partes/ATX.JPG Graphic file (type jpg)

<use Figures/Hardware/Partes/ATX.JPG>
Package pdftex.def Info: Figures/Hardware/Partes/ATX.JPG used on input line 652
.
(pdftex.def)             Requested size: 192.33762pt x 241.65633pt.

Underfull \vbox (badness 10000) has occurred while \output is active []

LaTeX Info: Redefining \. on input line 653.
LaTeX Info: Redefining \% on input line 653.
Package babel Info: Redefining spanish shorthand <<
(babel)             in language  on input line 653.
Package babel Info: Redefining spanish shorthand >>
(babel)             in language  on input line 653.
Package babel Info: Redefining spanish shorthand "=
(babel)             in language  on input line 653.
Package babel Info: Redefining spanish shorthand "~
(babel)             in language  on input line 653.
Package babel Info: Redefining spanish shorthand "!
(babel)             in language  on input line 653.
Package babel Info: Redefining spanish shorthand "?
(babel)             in language  on input line 653.
Package babel Info: Redefining spanish shorthand <<
(babel)             in language  on input line 653.
Package babel Info: Redefining spanish shorthand >>
(babel)             in language  on input line 653.
Package babel Info: Redefining spanish shorthand "=
(babel)             in language  on input line 653.
Package babel Info: Redefining spanish shorthand "~
(babel)             in language  on input line 653.
Package babel Info: Redefining spanish shorthand "!
(babel)             in language  on input line 653.
Package babel Info: Redefining spanish shorthand "?
(babel)             in language  on input line 653.
 [15 <./Figures/Hardware/Partes/Li-po_Battery.jpg>]
Package babel Info: Redefining spanish shorthand <<
(babel)             in language  on input line 657.
Package babel Info: Redefining spanish shorthand >>
(babel)             in language  on input line 657.
Package babel Info: Redefining spanish shorthand "=
(babel)             in language  on input line 657.
Package babel Info: Redefining spanish shorthand "~
(babel)             in language  on input line 657.
Package babel Info: Redefining spanish shorthand "!
(babel)             in language  on input line 657.
Package babel Info: Redefining spanish shorthand "?
(babel)             in language  on input line 657.
Package babel Info: Redefining spanish shorthand <<
(babel)             in language  on input line 659.
Package babel Info: Redefining spanish shorthand >>
(babel)             in language  on input line 659.
Package babel Info: Redefining spanish shorthand "=
(babel)             in language  on input line 659.
Package babel Info: Redefining spanish shorthand "~
(babel)             in language  on input line 659.
Package babel Info: Redefining spanish shorthand "!
(babel)             in language  on input line 659.
Package babel Info: Redefining spanish shorthand "?
(babel)             in language  on input line 659.

<Figures/Hardware/Partes/Cisco-Linksys.png, id=183, 301.125pt x 209.78375pt>
File: Figures/Hardware/Partes/Cisco-Linksys.png Graphic file (type png)

<use Figures/Hardware/Partes/Cisco-Linksys.png>
Package pdftex.def Info: Figures/Hardware/Partes/Cisco-Linksys.png used on inpu
t line 663.
(pdftex.def)             Requested size: 240.42569pt x 167.5039pt.

Overfull \hbox (18.12039pt too wide) in paragraph at lines 676--676
[]|\OT1/cmr/m/n/12 Est^^Sandar|  
 []


Underfull \vbox (badness 10000) has occurred while \output is active []

LaTeX Info: Redefining \. on input line 695.
LaTeX Info: Redefining \% on input line 695.
Package babel Info: Redefining spanish shorthand <<
(babel)             in language  on input line 695.
Package babel Info: Redefining spanish shorthand >>
(babel)             in language  on input line 695.
Package babel Info: Redefining spanish shorthand "=
(babel)             in language  on input line 695.
Package babel Info: Redefining spanish shorthand "~
(babel)             in language  on input line 695.
Package babel Info: Redefining spanish shorthand "!
(babel)             in language  on input line 695.
Package babel Info: Redefining spanish shorthand "?
(babel)             in language  on input line 695.
Package babel Info: Redefining spanish shorthand <<
(babel)             in language  on input line 695.
Package babel Info: Redefining spanish shorthand >>
(babel)             in language  on input line 695.
Package babel Info: Redefining spanish shorthand "=
(babel)             in language  on input line 695.
Package babel Info: Redefining spanish shorthand "~
(babel)             in language  on input line 695.
Package babel Info: Redefining spanish shorthand "!
(babel)             in language  on input line 695.
Package babel Info: Redefining spanish shorthand "?
(babel)             in language  on input line 695.
 [16 <./Figures/Hardware/Partes/ATX.JPG> <./Figures/Hardware/Partes/Cisco-Links
ys.png>]
Package babel Info: Redefining spanish shorthand <<
(babel)             in language  on input line 696.
Package babel Info: Redefining spanish shorthand >>
(babel)             in language  on input line 696.
Package babel Info: Redefining spanish shorthand "=
(babel)             in language  on input line 696.
Package babel Info: Redefining spanish shorthand "~
(babel)             in language  on input line 696.
Package babel Info: Redefining spanish shorthand "!
(babel)             in language  on input line 696.
Package babel Info: Redefining spanish shorthand "?
(babel)             in language  on input line 696.

<Figures/Hardware/Partes/ST4300PBU3.jpg, id=190, 602.25pt x 602.25pt>
File: Figures/Hardware/Partes/ST4300PBU3.jpg Graphic file (type jpg)

<use Figures/Hardware/Partes/ST4300PBU3.jpg>
Package pdftex.def Info: Figures/Hardware/Partes/ST4300PBU3.jpg used on input l
ine 700.
(pdftex.def)             Requested size: 240.42569pt x 240.42706pt.

Overfull \hbox (2.85648pt too wide) in paragraph at lines 708--739
 [] 
 []


Underfull \vbox (badness 5245) has occurred while \output is active []

LaTeX Info: Redefining \. on input line 744.
LaTeX Info: Redefining \% on input line 744.
Package babel Info: Redefining spanish shorthand <<
(babel)             in language  on input line 744.
Package babel Info: Redefining spanish shorthand >>
(babel)             in language  on input line 744.
Package babel Info: Redefining spanish shorthand "=
(babel)             in language  on input line 744.
Package babel Info: Redefining spanish shorthand "~
(babel)             in language  on input line 744.
Package babel Info: Redefining spanish shorthand "!
(babel)             in language  on input line 744.
Package babel Info: Redefining spanish shorthand "?
(babel)             in language  on input line 744.
Package babel Info: Redefining spanish shorthand <<
(babel)             in language  on input line 744.
Package babel Info: Redefining spanish shorthand >>
(babel)             in language  on input line 744.
Package babel Info: Redefining spanish shorthand "=
(babel)             in language  on input line 744.
Package babel Info: Redefining spanish shorthand "~
(babel)             in language  on input line 744.
Package babel Info: Redefining spanish shorthand "!
(babel)             in language  on input line 744.
Package babel Info: Redefining spanish shorthand "?
(babel)             in language  on input line 744.
 [17 <./Figures/Hardware/Partes/ST4300PBU3.jpg>]
Package atveryend Info: Empty hook `BeforeClearDocument' on input line 746.
LaTeX Info: Redefining \. on input line 746.
LaTeX Info: Redefining \% on input line 746.
Package babel Info: Redefining spanish shorthand <<
(babel)             in language  on input line 746.
Package babel Info: Redefining spanish shorthand >>
(babel)             in language  on input line 746.
Package babel Info: Redefining spanish shorthand "=
(babel)             in language  on input line 746.
Package babel Info: Redefining spanish shorthand "~
(babel)             in language  on input line 746.
Package babel Info: Redefining spanish shorthand "!
(babel)             in language  on input line 746.
Package babel Info: Redefining spanish shorthand "?
(babel)             in language  on input line 746.
Package babel Info: Redefining spanish shorthand <<
(babel)             in language  on input line 746.
Package babel Info: Redefining spanish shorthand >>
(babel)             in language  on input line 746.
Package babel Info: Redefining spanish shorthand "=
(babel)             in language  on input line 746.
Package babel Info: Redefining spanish shorthand "~
(babel)             in language  on input line 746.
Package babel Info: Redefining spanish shorthand "!
(babel)             in language  on input line 746.
Package babel Info: Redefining spanish shorthand "?
(babel)             in language  on input line 746.
 [18]
Package atveryend Info: Empty hook `AfterLastShipout' on input line 746.
 (./Apendice_A.aux
LaTeX Info: Redefining \. on input line 23.
LaTeX Info: Redefining \% on input line 23.
)
Package atveryend Info: Executing hook `AtVeryEndDocument' on input line 746.
Package atveryend Info: Executing hook `AtEndAfterFileList' on input line 746.
Package rerunfilecheck Info: File `Apendice_A.out' has not changed.
(rerunfilecheck)             Checksum: 2A3DF8A17E588A6914A0B78EA758F375;1333.


LaTeX Warning: There were multiply-defined labels.

 ) 
Here is how much of TeX's memory you used:
 10068 strings out of 493304
 141406 string characters out of 6139870
 257527 words of memory out of 5000000
 13261 multiletter control sequences out of 15000+600000
 9225 words of font info for 33 fonts, out of 8000000 for 9000
 957 hyphenation exceptions out of 8191
 46i,11n,45p,408b,496s stack positions out of 5000i,500n,10000p,200000b,80000s
</usr/share/texlive/texmf-dist/fonts/type1/public/amsfonts/cm/cmbx12.pfb></us
r/share/texlive/texmf-dist/fonts/type1/public/amsfonts/cm/cmr12.pfb></usr/share
/texlive/texmf-dist/fonts/type1/public/amsfonts/cm/cmsl12.pfb></usr/share/texli
ve/texmf-dist/fonts/type1/public/amsfonts/cm/cmss17.pfb>
Output written on Apendice_A.pdf (18 pages, 1191881 bytes).
PDF statistics:
 233 PDF objects out of 1000 (max. 8388607)
 193 compressed objects within 2 object streams
 66 named destinations out of 1000 (max. 500000)
 223 words of extra memory for PDF output out of 10000 (max. 10000000)

