\BOOKMARK [0][-]{chapter.1}{Nodos de ROS}{}% 1
\BOOKMARK [1][-]{section.1.1}{Hardware}{chapter.1}% 2
\BOOKMARK [2][-]{subsection.1.1.1}{Head}{section.1.1}% 3
\BOOKMARK [2][-]{subsection.1.1.2}{Arms}{section.1.1}% 4
\BOOKMARK [2][-]{subsection.1.1.3}{Mobile base}{section.1.1}% 5
\BOOKMARK [2][-]{subsection.1.1.4}{Laser simulator}{section.1.1}% 6
\BOOKMARK [2][-]{subsection.1.1.5}{Torso}{section.1.1}% 7
\BOOKMARK [2][-]{subsection.1.1.6}{Descripci\363n del robot: URDF}{section.1.1}% 8
\BOOKMARK [1][-]{section.1.2}{Navigation}{chapter.1}% 9
\BOOKMARK [2][-]{subsection.1.2.1}{Obstacle detector}{section.1.2}% 10
\BOOKMARK [2][-]{subsection.1.2.2}{Mvn Planner}{section.1.2}% 11
\BOOKMARK [1][-]{section.1.3}{Vision}{chapter.1}% 12
\BOOKMARK [2][-]{subsection.1.3.1}{Face recognition}{section.1.3}% 13
\BOOKMARK [2][-]{subsection.1.3.2}{Line finder}{section.1.3}% 14
\BOOKMARK [2][-]{subsection.1.3.3}{Object recognition}{section.1.3}% 15
\BOOKMARK [2][-]{subsection.1.3.4}{Skeleton finder}{section.1.3}% 16
\BOOKMARK [1][-]{section.1.4}{Human-robot interaction}{chapter.1}% 17
\BOOKMARK [2][-]{subsection.1.4.1}{gui}{section.1.4}% 18
\BOOKMARK [2][-]{subsection.1.4.2}{Human follower}{section.1.4}% 19
\BOOKMARK [2][-]{subsection.1.4.3}{Leg finder}{section.1.4}% 20
\BOOKMARK [2][-]{subsection.1.4.4}{QR reader}{section.1.4}% 21
\BOOKMARK [2][-]{subsection.1.4.5}{SP gen}{section.1.4}% 22
\BOOKMARK [1][-]{section.1.5}{Interoperation}{chapter.1}% 23
\BOOKMARK [2][-]{subsection.1.5.1}{Joystick teleop}{section.1.5}% 24
\BOOKMARK [1][-]{section.1.6}{Manipulation}{chapter.1}% 25
\BOOKMARK [2][-]{subsection.1.6.1}{Manipulation Planner}{section.1.6}% 26
\BOOKMARK [2][-]{subsection.1.6.2}{IK Geometric}{section.1.6}% 27
\BOOKMARK [1][-]{section.1.7}{Planning}{chapter.1}% 28
\BOOKMARK [2][-]{subsection.1.7.1}{Path Calculator}{section.1.7}% 29
\BOOKMARK [2][-]{subsection.1.7.2}{Simple Move}{section.1.7}% 30
\BOOKMARK [1][-]{section.1.8}{Paquetes de terceros}{chapter.1}% 31
\BOOKMARK [2][-]{subsection.1.8.1}{hokuyo node}{section.1.8}% 32
\BOOKMARK [2][-]{subsection.1.8.2}{amcl}{section.1.8}% 33
\BOOKMARK [2][-]{subsection.1.8.3}{robot state publisher}{section.1.8}% 34
\BOOKMARK [2][-]{subsection.1.8.4}{map server}{section.1.8}% 35
\BOOKMARK [2][-]{subsection.1.8.5}{Rviz}{section.1.8}% 36
\BOOKMARK [2][-]{subsection.1.8.6}{joy node}{section.1.8}% 37
