\BOOKMARK [0][-]{chapter.1}{Software}{}% 1
\BOOKMARK [1][-]{section.1.1}{VIRBOT}{chapter.1}% 2
\BOOKMARK [1][-]{section.1.2}{Guia principal para el desarrollo de codigo}{chapter.1}% 3
\BOOKMARK [1][-]{section.1.3}{Estructura de la carpeta}{chapter.1}% 4
\BOOKMARK [1][-]{section.1.4}{Nodos de ROS}{chapter.1}% 5
\BOOKMARK [2][-]{subsection.1.4.1}{Nodo /robot\137state\137publisher}{section.1.4}% 6
\BOOKMARK [2][-]{subsection.1.4.2}{Nodo /hardware/head}{section.1.4}% 7
\BOOKMARK [2][-]{subsection.1.4.3}{Nodo /hardware/hokuyo\137node}{section.1.4}% 8
\BOOKMARK [2][-]{subsection.1.4.4}{Nodo /hardware/joy}{section.1.4}% 9
\BOOKMARK [2][-]{subsection.1.4.5}{Nodo /hardware/left\137arm}{section.1.4}% 10
\BOOKMARK [2][-]{subsection.1.4.6}{Nodo /hardware/mobile\137base}{section.1.4}% 11
\BOOKMARK [2][-]{subsection.1.4.7}{Nodo /hardware/torso}{section.1.4}% 12
\BOOKMARK [2][-]{subsection.1.4.8}{Nodo /hri/human\137follower}{section.1.4}% 13
\BOOKMARK [2][-]{subsection.1.4.9}{Nodo /hri/justina\137gui}{section.1.4}% 14
\BOOKMARK [2][-]{subsection.1.4.10}{Nodo /hri/leg\137finder}{section.1.4}% 15
\BOOKMARK [2][-]{subsection.1.4.11}{Nodo /hri/qr\137reader}{section.1.4}% 16
\BOOKMARK [2][-]{subsection.1.4.12}{Nodo /hri/rviz}{section.1.4}% 17
\BOOKMARK [2][-]{subsection.1.4.13}{Nodo /hri/sp\137gen}{section.1.4}% 18
\BOOKMARK [2][-]{subsection.1.4.14}{Nodo /interoperation/joystick\137teleop}{section.1.4}% 19
\BOOKMARK [2][-]{subsection.1.4.15}{Nodo /manipulation/ik\137geometric}{section.1.4}% 20
\BOOKMARK [2][-]{subsection.1.4.16}{Nodo /manipulation/manip\137pln}{section.1.4}% 21
\BOOKMARK [2][-]{subsection.1.4.17}{Nodo /navigation/localization/loc\137amcl}{section.1.4}% 22
\BOOKMARK [2][-]{subsection.1.4.18}{Nodo /navigation/localization/map\137server}{section.1.4}% 23
\BOOKMARK [2][-]{subsection.1.4.19}{Nodo /navigation/mvn\137pln}{section.1.4}% 24
\BOOKMARK [2][-]{subsection.1.4.20}{Nodo /navigation/obs\137avoid/obstacle\137detector}{section.1.4}% 25
\BOOKMARK [2][-]{subsection.1.4.21}{Nodo /navigation/path\137planning/path\137calculator}{section.1.4}% 26
\BOOKMARK [2][-]{subsection.1.4.22}{Nodo /navigation/path\137planning/simple\137move}{section.1.4}% 27
\BOOKMARK [2][-]{subsection.1.4.23}{Nodo /vision/face\137recog}{section.1.4}% 28
\BOOKMARK [2][-]{subsection.1.4.24}{Nodo /vision/line\137finder}{section.1.4}% 29
\BOOKMARK [2][-]{subsection.1.4.25}{Nodo /vision/obj\137reco}{section.1.4}% 30
\BOOKMARK [2][-]{subsection.1.4.26}{Nodo /vision/skeleton\137finder}{section.1.4}% 31
